[    91.032] (--) Log file renamed from "/home/edureka/.local/share/xorg/Xorg.pid-1363.log" to "/home/edureka/.local/share/xorg/Xorg.0.log"
[    91.033] 
X.Org X Server 1.19.6
Release Date: 2017-12-20
[    91.033] X Protocol Version 11, Revision 0
[    91.033] Build Operating System: Linux 4.4.0-119-generic x86_64 Ubuntu
[    91.033] Current Operating System: Linux edureka 4.15.0-20-generic #21-Ubuntu SMP Tue Apr 24 06:16:15 UTC 2018 x86_64
[    91.033] Kernel command line: BOOT_IMAGE=/boot/vmlinuz-4.15.0-20-generic root=UUID=02da98d7-74c1-4fd7-8424-b04f1b1bbb68 ro quiet splash
[    91.033] Build Date: 13 April 2018  08:07:36PM
[    91.033] xorg-server 2:1.19.6-1ubuntu4 (For technical support please see http://www.ubuntu.com/support) 
[    91.033] Current version of pixman: 0.34.0
[    91.033] 	Before reporting problems, check http://wiki.x.org
	to make sure that you have the latest version.
[    91.033] Markers: (--) probed, (**) from config file, (==) default setting,
	(++) from command line, (!!) notice, (II) informational,
	(WW) warning, (EE) error, (NI) not implemented, (??) unknown.
[    91.033] (==) Log file: "/home/edureka/.local/share/xorg/Xorg.0.log", Time: Thu Aug  8 10:28:30 2019
[    91.059] (==) Using system config directory "/usr/share/X11/xorg.conf.d"
[    91.073] (==) No Layout section.  Using the first Screen section.
[    91.073] (==) No screen section available. Using defaults.
[    91.073] (**) |-->Screen "Default Screen Section" (0)
[    91.073] (**) |   |-->Monitor "<default monitor>"
[    91.080] (==) No monitor specified for screen "Default Screen Section".
	Using a default monitor configuration.
[    91.080] (==) Automatically adding devices
[    91.080] (==) Automatically enabling devices
[    91.080] (==) Automatically adding GPU devices
[    91.080] (==) Automatically binding GPU devices
[    91.080] (==) Max clients allowed: 256, resource mask: 0x1fffff
[    91.080] (WW) The directory "/usr/share/fonts/X11/cyrillic" does not exist.
[    91.080] 	Entry deleted from font path.
[    91.080] (WW) The directory "/usr/share/fonts/X11/100dpi/" does not exist.
[    91.080] 	Entry deleted from font path.
[    91.080] (WW) The directory "/usr/share/fonts/X11/75dpi/" does not exist.
[    91.080] 	Entry deleted from font path.
[    91.080] (WW) The directory "/usr/share/fonts/X11/100dpi" does not exist.
[    91.080] 	Entry deleted from font path.
[    91.080] (WW) The directory "/usr/share/fonts/X11/75dpi" does not exist.
[    91.080] 	Entry deleted from font path.
[    91.080] (==) FontPath set to:
	/usr/share/fonts/X11/misc,
	/usr/share/fonts/X11/Type1,
	built-ins
[    91.080] (==) ModulePath set to "/usr/lib/xorg/modules"
[    91.080] (II) The server relies on udev to provide the list of input devices.
	If no devices become available, reconfigure udev or disable AutoAddDevices.
[    91.084] (II) Loader magic: 0x55c4bd714020
[    91.084] (II) Module ABI versions:
[    91.084] 	X.Org ANSI C Emulation: 0.4
[    91.084] 	X.Org Video Driver: 23.0
[    91.084] 	X.Org XInput driver : 24.1
[    91.084] 	X.Org Server Extension : 10.0
[    91.086] (++) using VT number 2

[    91.098] (II) systemd-logind: took control of session /org/freedesktop/login1/session/_32
[    91.100] (II) xfree86: Adding drm device (/dev/dri/card0)
[    91.115] (II) systemd-logind: got fd for /dev/dri/card0 226:0 fd 12 paused 0
[    91.118] (--) PCI:*(0:0:2:0) 15ad:0405:15ad:0405 rev 0, Mem @ 0xf0000000/16777216, 0xf1000000/2097152, I/O @ 0x0000d010/16, BIOS @ 0x????????/131072
[    91.119] (II) LoadModule: "glx"
[    91.143] (II) Loading /usr/lib/xorg/modules/extensions/libglx.so
[    91.161] (II) Module glx: vendor="X.Org Foundation"
[    91.161] 	compiled for 1.19.6, module version = 1.0.0
[    91.161] 	ABI class: X.Org Server Extension, version 10.0
[    91.162] (==) Matched vmware as autoconfigured driver 0
[    91.162] (==) Matched vmware as autoconfigured driver 1
[    91.162] (==) Matched modesetting as autoconfigured driver 2
[    91.162] (==) Matched fbdev as autoconfigured driver 3
[    91.162] (==) Matched vesa as autoconfigured driver 4
[    91.162] (==) Assigned the driver to the xf86ConfigLayout
[    91.162] (II) LoadModule: "vmware"
[    91.162] (II) Loading /usr/lib/xorg/modules/drivers/vmware_drv.so
[    91.303] (II) Module vmware: vendor="X.Org Foundation"
[    91.303] 	compiled for 1.19.3, module version = 13.2.1
[    91.303] 	Module class: X.Org Video Driver
[    91.303] 	ABI class: X.Org Video Driver, version 23.0
[    91.303] (II) LoadModule: "modesetting"
[    91.303] (II) Loading /usr/lib/xorg/modules/drivers/modesetting_drv.so
[    91.312] (II) Module modesetting: vendor="X.Org Foundation"
[    91.312] 	compiled for 1.19.6, module version = 1.19.6
[    91.312] 	Module class: X.Org Video Driver
[    91.312] 	ABI class: X.Org Video Driver, version 23.0
[    91.312] (II) LoadModule: "fbdev"
[    91.313] (II) Loading /usr/lib/xorg/modules/drivers/fbdev_drv.so
[    91.323] (II) Module fbdev: vendor="X.Org Foundation"
[    91.323] 	compiled for 1.19.3, module version = 0.4.4
[    91.323] 	Module class: X.Org Video Driver
[    91.323] 	ABI class: X.Org Video Driver, version 23.0
[    91.323] (II) LoadModule: "vesa"
[    91.323] (II) Loading /usr/lib/xorg/modules/drivers/vesa_drv.so
[    91.325] (II) Module vesa: vendor="X.Org Foundation"
[    91.325] 	compiled for 1.19.3, module version = 2.3.4
[    91.325] 	Module class: X.Org Video Driver
[    91.325] 	ABI class: X.Org Video Driver, version 23.0
[    91.325] (II) vmware: driver for VMware SVGA: vmware0405, vmware0710
[    91.325] (II) modesetting: Driver for Modesetting Kernel Drivers: kms
[    91.325] (II) FBDEV: driver for framebuffer: fbdev
[    91.325] (II) VESA: driver for VESA chipsets: vesa
[    91.325] xf86EnableIOPorts: failed to set IOPL for I/O (Operation not permitted)
[    91.325] (WW) Falling back to old probe method for modesetting
[    91.326] (WW) Falling back to old probe method for fbdev
[    91.326] (II) Loading sub module "fbdevhw"
[    91.326] (II) LoadModule: "fbdevhw"
[    91.326] (II) Loading /usr/lib/xorg/modules/libfbdevhw.so
[    91.334] (II) Module fbdevhw: vendor="X.Org Foundation"
[    91.334] 	compiled for 1.19.6, module version = 0.0.2
[    91.334] 	ABI class: X.Org Video Driver, version 23.0
[    91.335] (EE) open /dev/fb0: Permission denied
[    91.335] (WW) Falling back to old probe method for vesa
[    91.335] (WW) VGA arbiter: cannot open kernel arbiter, no multi-card support
[    91.335] (II) vmware(0): Creating default Display subsection in Screen section
	"Default Screen Section" for depth/fbbpp 24/32
[    91.335] (--) vmware(0): DRM driver version is 2.14.0
[    91.335] (==) vmware(0): Depth 24, (--) framebuffer bpp 32
[    91.335] (==) vmware(0): RGB weight 888
[    91.335] (==) vmware(0): Default visual is TrueColor
[    91.335] (--) vmware(0): Min width 1, Max Width 8192.
[    91.335] (--) vmware(0): Min height 1, Max Height 8192.
[    91.336] (II) vmware(0): Output Virtual1 has no monitor section
[    91.336] (II) vmware(0): Output Virtual2 has no monitor section
[    91.336] (II) vmware(0): Output Virtual3 has no monitor section
[    91.336] (II) vmware(0): Output Virtual4 has no monitor section
[    91.336] (II) vmware(0): Output Virtual5 has no monitor section
[    91.336] (II) vmware(0): Output Virtual6 has no monitor section
[    91.336] (II) vmware(0): Output Virtual7 has no monitor section
[    91.343] (II) vmware(0): Output Virtual8 has no monitor section
[    91.343] (II) vmware(0): Printing probed modes for output Virtual1
[    91.343] (II) vmware(0): Modeline "800x600"x60.0   42.75  800 850 900 950  600 650 700 750 -hsync +vsync (45.0 kHz eP)
[    91.343] (II) vmware(0): Modeline "2560x1600"x60.0  348.50  2560 2752 3032 3504  1600 1603 1609 1658 -hsync +vsync (99.5 kHz e)
[    91.343] (II) vmware(0): Modeline "1920x1440"x60.0  234.00  1920 2048 2256 2600  1440 1441 1444 1500 -hsync +vsync (90.0 kHz e)
[    91.343] (II) vmware(0): Modeline "1856x1392"x60.0  218.25  1856 1952 2176 2528  1392 1393 1396 1439 -hsync +vsync (86.3 kHz e)
[    91.343] (II) vmware(0): Modeline "1792x1344"x60.0  204.75  1792 1920 2120 2448  1344 1345 1348 1394 -hsync +vsync (83.6 kHz e)
[    91.343] (II) vmware(0): Modeline "1920x1200"x59.9  193.25  1920 2056 2256 2592  1200 1203 1209 1245 -hsync +vsync (74.6 kHz e)
[    91.343] (II) vmware(0): Modeline "1600x1200"x60.0  162.00  1600 1664 1856 2160  1200 1201 1204 1250 +hsync +vsync (75.0 kHz e)
[    91.343] (II) vmware(0): Modeline "1680x1050"x60.0  146.25  1680 1784 1960 2240  1050 1053 1059 1089 -hsync +vsync (65.3 kHz e)
[    91.343] (II) vmware(0): Modeline "1400x1050"x60.0  121.75  1400 1488 1632 1864  1050 1053 1057 1089 -hsync +vsync (65.3 kHz e)
[    91.343] (II) vmware(0): Modeline "1280x1024"x60.0  108.00  1280 1328 1440 1688  1024 1025 1028 1066 +hsync +vsync (64.0 kHz e)
[    91.343] (II) vmware(0): Modeline "1440x900"x59.9  106.50  1440 1520 1672 1904  900 903 909 934 -hsync +vsync (55.9 kHz e)
[    91.343] (II) vmware(0): Modeline "1280x960"x60.0  108.00  1280 1376 1488 1800  960 961 964 1000 +hsync +vsync (60.0 kHz e)
[    91.343] (II) vmware(0): Modeline "1360x768"x60.0   85.50  1360 1424 1536 1792  768 771 777 795 +hsync +vsync (47.7 kHz e)
[    91.343] (II) vmware(0): Modeline "1280x800"x59.8   83.50  1280 1352 1480 1680  800 803 809 831 +hsync -vsync (49.7 kHz e)
[    91.343] (II) vmware(0): Modeline "1152x864"x75.0  108.00  1152 1216 1344 1600  864 865 868 900 +hsync +vsync (67.5 kHz e)
[    91.343] (II) vmware(0): Modeline "1280x768"x59.9   79.50  1280 1344 1472 1664  768 771 778 798 -hsync +vsync (47.8 kHz e)
[    91.343] (II) vmware(0): Modeline "1024x768"x60.0   65.00  1024 1048 1184 1344  768 771 777 806 -hsync -vsync (48.4 kHz e)
[    91.343] (II) vmware(0): Modeline "800x600"x60.3   40.00  800 840 968 1056  600 601 605 628 +hsync +vsync (37.9 kHz e)
[    91.343] (II) vmware(0): Modeline "640x480"x59.9   25.18  640 656 752 800  480 489 492 525 -hsync -vsync (31.5 kHz e)
[    91.344] (II) vmware(0): EDID for output Virtual2
[    91.344] (II) vmware(0): EDID for output Virtual3
[    91.344] (II) vmware(0): EDID for output Virtual4
[    91.344] (II) vmware(0): EDID for output Virtual5
[    91.344] (II) vmware(0): EDID for output Virtual6
[    91.344] (II) vmware(0): EDID for output Virtual7
[    91.344] (II) vmware(0): EDID for output Virtual8
[    91.344] (II) vmware(0): Output Virtual1 connected
[    91.344] (II) vmware(0): Output Virtual2 disconnected
[    91.344] (II) vmware(0): Output Virtual3 disconnected
[    91.344] (II) vmware(0): Output Virtual4 disconnected
[    91.344] (II) vmware(0): Output Virtual5 disconnected
[    91.344] (II) vmware(0): Output Virtual6 disconnected
[    91.344] (II) vmware(0): Output Virtual7 disconnected
[    91.344] (II) vmware(0): Output Virtual8 disconnected
[    91.344] (II) vmware(0): Using exact sizes for initial modes
[    91.344] (II) vmware(0): Output Virtual1 using initial mode 800x600 +0+0
[    91.344] (==) vmware(0): DPI set to (96, 96)
[    91.344] (==) vmware(0): Using gamma correction (1.0, 1.0, 1.0)
[    91.344] (II) Loading sub module "fb"
[    91.344] (II) LoadModule: "fb"
[    91.344] (II) Loading /usr/lib/xorg/modules/libfb.so
[    91.351] (II) Module fb: vendor="X.Org Foundation"
[    91.351] 	compiled for 1.19.6, module version = 1.0.0
[    91.351] 	ABI class: X.Org ANSI C Emulation, version 0.4
[    91.351] (II) Loading sub module "dri2"
[    91.351] (II) LoadModule: "dri2"
[    91.351] (II) Module "dri2" already built-in
[    91.351] (II) UnloadModule: "modesetting"
[    91.351] (II) Unloading modesetting
[    91.351] (II) UnloadModule: "fbdev"
[    91.351] (II) Unloading fbdev
[    91.351] (II) UnloadSubModule: "fbdevhw"
[    91.351] (II) Unloading fbdevhw
[    91.352] (II) UnloadModule: "vesa"
[    91.352] (II) Unloading vesa
[    91.352] (==) Depth 24 pixmap format is 32 bpp
[    91.365] (II) vmware(0): Initialized VMWARE_CTRL extension version 0.2
[    91.405] (WW) vmware(0): Failed to initialize Gallium3D Xa. No render acceleration available.
[    91.405] (WW) vmware(0): Skipped initialization of direct rendering due to lack of render acceleration.
[    91.405] (--) vmware(0): Render acceleration is disabled.
[    91.405] (==) vmware(0): Rendercheck mode is disabled.
[    91.405] (--) vmware(0): Direct rendering (3D) is disabled.
[    91.405] (==) vmware(0): Backing store enabled
[    91.406] (==) vmware(0): Silken mouse enabled
[    91.407] (II) vmware(0): RandR 1.2 enabled, ignore the following RandR disabled message.
[    91.409] (==) vmware(0): DPMS enabled
[    91.409] (II) vmware(0): No 3D acceleration. Not setting up textured video.
[    91.409] (WW) vmware(0): Disabling Xv because no adaptors could be initialized.
[    91.409] (--) RandR disabled
[    91.422] (II) SELinux: Disabled on system
[    91.424] (II) AIGLX: Screen 0 is not DRI2 capable
[    91.424] (EE) AIGLX: reverting to software rendering
[    91.429] (II) IGLX: enabled GLX_MESA_copy_sub_buffer
[    91.440] (II) IGLX: Loaded and initialized swrast
[    91.440] (II) GLX: Initialized DRISWRAST GL provider for screen 0
[    91.446] (II) vmware(0): Setting screen physical size to 211 x 158
[    91.526] (II) config/udev: Adding input device Power Button (/dev/input/event0)
[    91.526] (**) Power Button: Applying InputClass "libinput keyboard catchall"
[    91.526] (II) LoadModule: "libinput"
[    91.526] (II) Loading /usr/lib/xorg/modules/input/libinput_drv.so
[    91.557] (II) Module libinput: vendor="X.Org Foundation"
[    91.557] 	compiled for 1.19.6, module version = 0.27.1
[    91.557] 	Module class: X.Org XInput Driver
[    91.557] 	ABI class: X.Org XInput driver, version 24.1
[    91.558] (II) Using input driver 'libinput' for 'Power Button'
[    91.559] (II) systemd-logind: got fd for /dev/input/event0 13:64 fd 20 paused 0
[    91.559] (**) Power Button: always reports core events
[    91.559] (**) Option "Device" "/dev/input/event0"
[    91.559] (**) Option "_source" "server/udev"
[    91.562] (II) event0  - Power Button: is tagged by udev as: Keyboard
[    91.562] (II) event0  - Power Button: device is a keyboard
[    91.562] (II) event0  - Power Button: device removed
[    91.562] (**) Option "config_info" "udev:/sys/devices/LNXSYSTM:00/LNXPWRBN:00/input/input0/event0"
[    91.562] (II) XINPUT: Adding extended input device "Power Button" (type: KEYBOARD, id 6)
[    91.562] (**) Option "xkb_model" "pc105"
[    91.563] (**) Option "xkb_layout" "us"
[    91.565] (II) event0  - Power Button: is tagged by udev as: Keyboard
[    91.565] (II) event0  - Power Button: device is a keyboard
[    91.567] (II) config/udev: Adding input device Sleep Button (/dev/input/event1)
[    91.567] (**) Sleep Button: Applying InputClass "libinput keyboard catchall"
[    91.567] (II) Using input driver 'libinput' for 'Sleep Button'
[    91.573] (II) systemd-logind: got fd for /dev/input/event1 13:65 fd 23 paused 0
[    91.573] (**) Sleep Button: always reports core events
[    91.573] (**) Option "Device" "/dev/input/event1"
[    91.574] (**) Option "_source" "server/udev"
[    91.575] (II) event1  - Sleep Button: is tagged by udev as: Keyboard
[    91.575] (II) event1  - Sleep Button: device is a keyboard
[    91.576] (II) event1  - Sleep Button: device removed
[    91.576] (**) Option "config_info" "udev:/sys/devices/LNXSYSTM:00/LNXSLPBN:00/input/input1/event1"
[    91.576] (II) XINPUT: Adding extended input device "Sleep Button" (type: KEYBOARD, id 7)
[    91.576] (**) Option "xkb_model" "pc105"
[    91.576] (**) Option "xkb_layout" "us"
[    91.582] (II) event1  - Sleep Button: is tagged by udev as: Keyboard
[    91.582] (II) event1  - Sleep Button: device is a keyboard
[    91.583] (II) config/udev: Adding input device Video Bus (/dev/input/event3)
[    91.584] (**) Video Bus: Applying InputClass "libinput keyboard catchall"
[    91.584] (II) Using input driver 'libinput' for 'Video Bus'
[    91.593] (II) systemd-logind: got fd for /dev/input/event3 13:67 fd 24 paused 0
[    91.594] (**) Video Bus: always reports core events
[    91.594] (**) Option "Device" "/dev/input/event3"
[    91.594] (**) Option "_source" "server/udev"
[    91.599] (II) event3  - Video Bus: is tagged by udev as: Keyboard
[    91.600] (II) event3  - Video Bus: device is a keyboard
[    91.600] (II) event3  - Video Bus: device removed
[    91.600] (**) Option "config_info" "udev:/sys/devices/LNXSYSTM:00/LNXSYBUS:00/PNP0A03:00/LNXVIDEO:00/input/input4/event3"
[    91.601] (II) XINPUT: Adding extended input device "Video Bus" (type: KEYBOARD, id 8)
[    91.601] (**) Option "xkb_model" "pc105"
[    91.601] (**) Option "xkb_layout" "us"
[    91.606] (II) event3  - Video Bus: is tagged by udev as: Keyboard
[    91.606] (II) event3  - Video Bus: device is a keyboard
[    91.613] (II) config/udev: Adding input device VirtualBox mouse integration (/dev/input/event6)
[    91.613] (**) VirtualBox mouse integration: Applying InputClass "libinput pointer catchall"
[    91.613] (II) Using input driver 'libinput' for 'VirtualBox mouse integration'
[    91.627] (II) systemd-logind: got fd for /dev/input/event6 13:70 fd 25 paused 0
[    91.627] (**) VirtualBox mouse integration: always reports core events
[    91.627] (**) Option "Device" "/dev/input/event6"
[    91.627] (**) Option "_source" "server/udev"
[    91.628] (II) event6  - VirtualBox mouse integration: is tagged by udev as: Mouse
[    91.628] (II) event6  - VirtualBox mouse integration: device is a pointer
[    91.628] (II) event6  - VirtualBox mouse integration: device removed
[    91.628] (**) Option "config_info" "udev:/sys/devices/pci0000:00/0000:00:04.0/input/input7/event6"
[    91.628] (II) XINPUT: Adding extended input device "VirtualBox mouse integration" (type: MOUSE, id 9)
[    91.629] (**) Option "AccelerationScheme" "none"
[    91.629] (**) VirtualBox mouse integration: (accel) selected scheme none/0
[    91.629] (**) VirtualBox mouse integration: (accel) acceleration factor: 2.000
[    91.629] (**) VirtualBox mouse integration: (accel) acceleration threshold: 4
[    91.629] (II) event6  - VirtualBox mouse integration: is tagged by udev as: Mouse
[    91.629] (II) event6  - VirtualBox mouse integration: device is a pointer
[    91.630] (II) config/udev: Adding input device VirtualBox mouse integration (/dev/input/js1)
[    91.630] (II) No input driver specified, ignoring this device.
[    91.630] (II) This device may have been added with another device file.
[    91.632] (II) config/udev: Adding input device VirtualBox USB Tablet (/dev/input/event5)
[    91.632] (**) VirtualBox USB Tablet: Applying InputClass "libinput pointer catchall"
[    91.632] (II) Using input driver 'libinput' for 'VirtualBox USB Tablet'
[    91.693] (II) systemd-logind: got fd for /dev/input/event5 13:69 fd 26 paused 0
[    91.693] (**) VirtualBox USB Tablet: always reports core events
[    91.693] (**) Option "Device" "/dev/input/event5"
[    91.693] (**) Option "_source" "server/udev"
[    91.694] (II) event5  - VirtualBox USB Tablet: is tagged by udev as: Mouse
[    91.694] (II) event5  - VirtualBox USB Tablet: device is a pointer
[    91.694] (II) event5  - VirtualBox USB Tablet: device removed
[    91.694] (**) Option "config_info" "udev:/sys/devices/pci0000:00/0000:00:06.0/usb1/1-1/1-1:1.0/0003:80EE:0021.0001/input/input6/event5"
[    91.694] (II) XINPUT: Adding extended input device "VirtualBox USB Tablet" (type: MOUSE, id 10)
[    91.695] (**) Option "AccelerationScheme" "none"
[    91.695] (**) VirtualBox USB Tablet: (accel) selected scheme none/0
[    91.695] (**) VirtualBox USB Tablet: (accel) acceleration factor: 2.000
[    91.695] (**) VirtualBox USB Tablet: (accel) acceleration threshold: 4
[    91.696] (II) event5  - VirtualBox USB Tablet: is tagged by udev as: Mouse
[    91.696] (II) event5  - VirtualBox USB Tablet: device is a pointer
[    91.697] (II) config/udev: Adding input device VirtualBox USB Tablet (/dev/input/js0)
[    91.697] (II) No input driver specified, ignoring this device.
[    91.697] (II) This device may have been added with another device file.
[    91.704] (II) config/udev: Adding input device VirtualBox USB Tablet (/dev/input/mouse1)
[    91.705] (II) No input driver specified, ignoring this device.
[    91.705] (II) This device may have been added with another device file.
[    91.706] (II) config/udev: Adding input device AT Translated Set 2 keyboard (/dev/input/event2)
[    91.706] (**) AT Translated Set 2 keyboard: Applying InputClass "libinput keyboard catchall"
[    91.706] (II) Using input driver 'libinput' for 'AT Translated Set 2 keyboard'
[    91.710] (II) systemd-logind: got fd for /dev/input/event2 13:66 fd 27 paused 0
[    91.710] (**) AT Translated Set 2 keyboard: always reports core events
[    91.710] (**) Option "Device" "/dev/input/event2"
[    91.710] (**) Option "_source" "server/udev"
[    91.711] (II) event2  - AT Translated Set 2 keyboard: is tagged by udev as: Keyboard
[    91.711] (II) event2  - AT Translated Set 2 keyboard: device is a keyboard
[    91.711] (II) event2  - AT Translated Set 2 keyboard: device removed
[    91.711] (**) Option "config_info" "udev:/sys/devices/platform/i8042/serio0/input/input2/event2"
[    91.711] (II) XINPUT: Adding extended input device "AT Translated Set 2 keyboard" (type: KEYBOARD, id 11)
[    91.711] (**) Option "xkb_model" "pc105"
[    91.711] (**) Option "xkb_layout" "us"
[    91.713] (II) event2  - AT Translated Set 2 keyboard: is tagged by udev as: Keyboard
[    91.713] (II) event2  - AT Translated Set 2 keyboard: device is a keyboard
[    91.718] (II) config/udev: Adding input device ImExPS/2 Generic Explorer Mouse (/dev/input/event4)
[    91.718] (**) ImExPS/2 Generic Explorer Mouse: Applying InputClass "libinput pointer catchall"
[    91.718] (II) Using input driver 'libinput' for 'ImExPS/2 Generic Explorer Mouse'
[    91.721] (II) systemd-logind: got fd for /dev/input/event4 13:68 fd 28 paused 0
[    91.721] (**) ImExPS/2 Generic Explorer Mouse: always reports core events
[    91.721] (**) Option "Device" "/dev/input/event4"
[    91.721] (**) Option "_source" "server/udev"
[    91.722] (II) event4  - ImExPS/2 Generic Explorer Mouse: is tagged by udev as: Mouse
[    91.722] (II) event4  - ImExPS/2 Generic Explorer Mouse: device is a pointer
[    91.722] (II) event4  - ImExPS/2 Generic Explorer Mouse: device removed
[    91.722] (**) Option "config_info" "udev:/sys/devices/platform/i8042/serio1/input/input5/event4"
[    91.722] (II) XINPUT: Adding extended input device "ImExPS/2 Generic Explorer Mouse" (type: MOUSE, id 12)
[    91.723] (**) Option "AccelerationScheme" "none"
[    91.723] (**) ImExPS/2 Generic Explorer Mouse: (accel) selected scheme none/0
[    91.723] (**) ImExPS/2 Generic Explorer Mouse: (accel) acceleration factor: 2.000
[    91.723] (**) ImExPS/2 Generic Explorer Mouse: (accel) acceleration threshold: 4
[    91.725] (II) event4  - ImExPS/2 Generic Explorer Mouse: is tagged by udev as: Mouse
[    91.725] (II) event4  - ImExPS/2 Generic Explorer Mouse: device is a pointer
[    91.726] (II) config/udev: Adding input device ImExPS/2 Generic Explorer Mouse (/dev/input/mouse0)
[    91.726] (II) No input driver specified, ignoring this device.
[    91.726] (II) This device may have been added with another device file.
[    95.275] (EE) No surface to present from.
[   106.346] (DB) vmware(0): New layout.
[   106.348] (DB) vmware(0): 0: 0 0 1045 667
[   106.350] (DB) vmware(0): 
[   106.659] (DB) vmware(0): New layout.
[   106.660] (DB) vmware(0): 0: 0 0 932 667
[   106.660] (DB) vmware(0): 
[   106.743] (DB) vmware(0): New layout.
[   106.744] (DB) vmware(0): 0: 0 0 909 667
[   106.744] (DB) vmware(0): 
[   106.792] (DB) vmware(0): New layout.
[   106.792] (DB) vmware(0): 0: 0 0 868 667
[   106.792] (DB) vmware(0): 
[   108.220] (DB) vmware(0): New layout.
[   108.220] (DB) vmware(0): 0: 0 0 828 667
[   108.221] (DB) vmware(0): 
[   111.596] (DB) vmware(0): New layout.
[   111.597] (DB) vmware(0): 0: 0 0 1366 663
[   111.598] (DB) vmware(0): 
[   111.648] (EE) No surface to present from.
[   113.939] (DB) vmware(0): New layout.
[   113.939] (DB) vmware(0): 0: 0 0 828 667
[   113.939] (DB) vmware(0): 
[   113.969] (EE) No surface to present from.
[   125.014] (DB) vmware(0): New layout.
[   125.014] (DB) vmware(0): 0: 0 0 779 667
[   125.014] (DB) vmware(0): 
[   125.519] (DB) vmware(0): New layout.
[   125.519] (DB) vmware(0): 0: 0 0 751 667
[   125.519] (DB) vmware(0): 
[   125.669] (DB) vmware(0): New layout.
[   125.669] (DB) vmware(0): 0: 0 0 745 667
[   125.669] (DB) vmware(0): 
[   129.498] (DB) vmware(0): New layout.
[   129.498] (DB) vmware(0): 0: 0 0 745 631
[   129.500] (DB) vmware(0): 
[   129.532] (DB) vmware(0): New layout.
[   129.533] (DB) vmware(0): 0: 0 0 745 627
[   129.533] (DB) vmware(0): 
[   130.456] (DB) vmware(0): New layout.
[   130.456] (DB) vmware(0): 0: 0 0 745 575
[   130.456] (DB) vmware(0): 
[   132.539] (DB) vmware(0): New layout.
[   132.539] (DB) vmware(0): 0: 0 0 745 527
[   132.539] (DB) vmware(0): 
[   133.319] (DB) vmware(0): New layout.
[   133.319] (DB) vmware(0): 0: 0 0 745 516
[   133.319] (DB) vmware(0): 
[   194.149] (EE) client bug: timer event4 debounce short: offset negative (-8ms)
